# JRE version: Java(TM) SE Runtime Environment (8.0_91-b14) (build 1.8.0_91-b14)
# Java VM: Java HotSpot(TM) 64-Bit Server VM (25.91-b14 mixed mode windows-amd64 compressed oops)
Heap:
 PSYoungGen      total 259072K, used 109205K [0x00000000d5f00000, 0x00000000ea980000, 0x0000000100000000)
  eden space 255488K, 41% used [0x00000000d5f00000,0x00000000dc62d7b0,0x00000000e5880000)
  from space 3584K, 99% used [0x00000000e6b00000,0x00000000e6e78020,0x00000000e6e80000)
  to   space 18944K, 0% used [0x00000000e5880000,0x00000000e5880000,0x00000000e6b00000)
 ParOldGen       total 108544K, used 43065K [0x0000000081c00000, 0x0000000088600000, 0x00000000d5f00000)
  object space 108544K, 39% used [0x0000000081c00000,0x000000008460e730,0x0000000088600000)
 Metaspace       used 51372K, capacity 51956K, committed 52352K, reserved 1095680K
  class space    used 6541K, capacity 6673K, committed 6784K, reserved 1048576K
GC Heap History (10 events):
Event: 2.869 GC heap before
{Heap before GC invocations=8 (full 1):
 PSYoungGen      total 143872K, used 10008K [0x00000000d5f00000, 0x00000000e7a00000, 0x0000000100000000)
  eden space 132608K, 0% used [0x00000000d5f00000,0x00000000d5f00000,0x00000000de080000)
  from space 11264K, 88% used [0x00000000de080000,0x00000000dea46138,0x00000000deb80000)
  to   space 12288K, 0% used [0x00000000e6e00000,0x00000000e6e00000,0x00000000e7a00000)
 ParOldGen       total 87552K, used 11468K [0x0000000081c00000, 0x0000000087180000, 0x00000000d5f00000)
  object space 87552K, 13% used [0x0000000081c00000,0x0000000082733110,0x0000000087180000)
 Metaspace       used 20798K, capacity 21180K, committed 21296K, reserved 1069056K
  class space    used 2544K, capacity 2677K, committed 2688K, reserved 1048576K
Event: 2.926 GC heap after
Heap after GC invocations=8 (full 1):
 PSYoungGen      total 143872K, used 0K [0x00000000d5f00000, 0x00000000e7a00000, 0x0000000100000000)
  eden space 132608K, 0% used [0x00000000d5f00000,0x00000000d5f00000,0x00000000de080000)
  from space 11264K, 0% used [0x00000000de080000,0x00000000de080000,0x00000000deb80000)
  to   space 12288K, 0% used [0x00000000e6e00000,0x00000000e6e00000,0x00000000e7a00000)
 ParOldGen       total 70144K, used 15417K [0x0000000081c00000, 0x0000000086080000, 0x00000000d5f00000)
  object space 70144K, 21% used [0x0000000081c00000,0x0000000082b0e6e8,0x0000000086080000)
 Metaspace       used 20798K, capacity 21180K, committed 21296K, reserved 1069056K
  class space    used 2544K, capacity 2677K, committed 2688K, reserved 1048576K
}
Event: 4.542 GC heap before
{Heap before GC invocations=9 (full 1):
 PSYoungGen      total 143872K, used 132608K [0x00000000d5f00000, 0x00000000e7a00000, 0x0000000100000000)
  eden space 132608K, 100% used [0x00000000d5f00000,0x00000000de080000,0x00000000de080000)
  from space 11264K, 0% used [0x00000000de080000,0x00000000de080000,0x00000000deb80000)
  to   space 12288K, 0% used [0x00000000e6e00000,0x00000000e6e00000,0x00000000e7a00000)
 ParOldGen       total 70144K, used 15417K [0x0000000081c00000, 0x0000000086080000, 0x00000000d5f00000)
  object space 70144K, 21% used [0x0000000081c00000,0x0000000082b0e6e8,0x0000000086080000)
 Metaspace       used 26323K, capacity 26710K, committed 27008K, reserved 1073152K
  class space    used 3289K, capacity 3396K, committed 3456K, reserved 1048576K
Event: 4.551 GC heap after
Heap after GC invocations=9 (full 1):
 PSYoungGen      total 202240K, used 9268K [0x00000000d5f00000, 0x00000000e7780000, 0x0000000100000000)
  eden space 192512K, 0% used [0x00000000d5f00000,0x00000000d5f00000,0x00000000e1b00000)
  from space 9728K, 95% used [0x00000000e6e00000,0x00000000e770d140,0x00000000e7780000)
  to   space 12800K, 0% used [0x00000000e5e80000,0x00000000e5e80000,0x00000000e6b00000)
 ParOldGen       total 70144K, used 15425K [0x0000000081c00000, 0x0000000086080000, 0x00000000d5f00000)
  object space 70144K, 21% used [0x0000000081c00000,0x0000000082b106e8,0x0000000086080000)
 Metaspace       used 26323K, capacity 26710K, committed 27008K, reserved 1073152K
  class space    used 3289K, capacity 3396K, committed 3456K, reserved 1048576K
}
Event: 6.025 GC heap before
{Heap before GC invocations=10 (full 1):
 PSYoungGen      total 202240K, used 196761K [0x00000000d5f00000, 0x00000000e7780000, 0x0000000100000000)
  eden space 192512K, 97% used [0x00000000d5f00000,0x00000000e16193f0,0x00000000e1b00000)
  from space 9728K, 95% used [0x00000000e6e00000,0x00000000e770d140,0x00000000e7780000)
  to   space 12800K, 0% used [0x00000000e5e80000,0x00000000e5e80000,0x00000000e6b00000)
 ParOldGen       total 70144K, used 15425K [0x0000000081c00000, 0x0000000086080000, 0x00000000d5f00000)
  object space 70144K, 21% used [0x0000000081c00000,0x0000000082b106e8,0x0000000086080000)
 Metaspace       used 34883K, capacity 35246K, committed 35456K, reserved 1081344K
  class space    used 4314K, capacity 4424K, committed 4480K, reserved 1048576K
Event: 6.038 GC heap after
Heap after GC invocations=10 (full 1):
 PSYoungGen      total 253952K, used 12768K [0x00000000d5f00000, 0x00000000e6e80000, 0x0000000100000000)
  eden space 241152K, 0% used [0x00000000d5f00000,0x00000000d5f00000,0x00000000e4a80000)
  from space 12800K, 99% used [0x00000000e5e80000,0x00000000e6af8370,0x00000000e6b00000)
  to   space 3584K, 0% used [0x00000000e6b00000,0x00000000e6b00000,0x00000000e6e80000)
 ParOldGen       total 70144K, used 18139K [0x0000000081c00000, 0x0000000086080000, 0x00000000d5f00000)
  object space 70144K, 25% used [0x0000000081c00000,0x0000000082db6c78,0x0000000086080000)
 Metaspace       used 34883K, capacity 35246K, committed 35456K, reserved 1081344K
  class space    used 4314K, capacity 4424K, committed 4480K, reserved 1048576K
}
Event: 6.038 GC heap before
{Heap before GC invocations=11 (full 2):
 PSYoungGen      total 253952K, used 12768K [0x00000000d5f00000, 0x00000000e6e80000, 0x0000000100000000)
  eden space 241152K, 0% used [0x00000000d5f00000,0x00000000d5f00000,0x00000000e4a80000)
  from space 12800K, 99% used [0x00000000e5e80000,0x00000000e6af8370,0x00000000e6b00000)
  to   space 3584K, 0% used [0x00000000e6b00000,0x00000000e6b00000,0x00000000e6e80000)
 ParOldGen       total 70144K, used 18139K [0x0000000081c00000, 0x0000000086080000, 0x00000000d5f00000)
  object space 70144K, 25% used [0x0000000081c00000,0x0000000082db6c78,0x0000000086080000)
 Metaspace       used 34883K, capacity 35246K, committed 35456K, reserved 1081344K
  class space    used 4314K, capacity 4424K, committed 4480K, reserved 1048576K
Event: 6.087 GC heap after
Heap after GC invocations=11 (full 2):
 PSYoungGen      total 253952K, used 0K [0x00000000d5f00000, 0x00000000e6e80000, 0x0000000100000000)
  eden space 241152K, 0% used [0x00000000d5f00000,0x00000000d5f00000,0x00000000e4a80000)
  from space 12800K, 0% used [0x00000000e5e80000,0x00000000e5e80000,0x00000000e6b00000)
  to   space 3584K, 0% used [0x00000000e6b00000,0x00000000e6b00000,0x00000000e6e80000)
 ParOldGen       total 108544K, used 25690K [0x0000000081c00000, 0x0000000088600000, 0x00000000d5f00000)
  object space 108544K, 23% used [0x0000000081c00000,0x0000000083516958,0x0000000088600000)
 Metaspace       used 34883K, capacity 35246K, committed 35456K, reserved 1081344K
  class space    used 4314K, capacity 4424K, committed 4480K, reserved 1048576K
}
Event: 8.876 GC heap before
{Heap before GC invocations=12 (full 2):
 PSYoungGen      total 253952K, used 241152K [0x00000000d5f00000, 0x00000000e6e80000, 0x0000000100000000)
  eden space 241152K, 100% used [0x00000000d5f00000,0x00000000e4a80000,0x00000000e4a80000)
  from space 12800K, 0% used [0x00000000e5e80000,0x00000000e5e80000,0x00000000e6b00000)
  to   space 3584K, 0% used [0x00000000e6b00000,0x00000000e6b00000,0x00000000e6e80000)
 ParOldGen       total 108544K, used 25690K [0x0000000081c00000, 0x0000000088600000, 0x00000000d5f00000)
  object space 108544K, 23% used [0x0000000081c00000,0x0000000083516958,0x0000000088600000)
 Metaspace       used 48375K, capacity 48904K, committed 49152K, reserved 1091584K
  class space    used 6151K, capacity 6279K, committed 6400K, reserved 1048576K
Event: 8.896 GC heap after
Heap after GC invocations=12 (full 2):
 PSYoungGen      total 259072K, used 3552K [0x00000000d5f00000, 0x00000000ea980000, 0x0000000100000000)
  eden space 255488K, 0% used [0x00000000d5f00000,0x00000000d5f00000,0x00000000e5880000)
  from space 3584K, 99% used [0x00000000e6b00000,0x00000000e6e78020,0x00000000e6e80000)
  to   space 18944K, 0% used [0x00000000e5880000,0x00000000e5880000,0x00000000e6b00000)
 ParOldGen       total 108544K, used 43065K [0x0000000081c00000, 0x0000000088600000, 0x00000000d5f00000)
  object space 108544K, 39% used [0x0000000081c00000,0x000000008460e730,0x0000000088600000)
 Metaspace       used 48375K, capacity 48904K, committed 49152K, reserved 1091584K
  class space    used 6151K, capacity 6279K, committed 6400K, reserved 1048576K
}

